<?xml version="1.0" encoding="UTF-8"?>
<testsuite xmlns:xsi="http://www.w3.org/2001/XMLSchema-instance" xsi:noNamespaceSchemaLocation="https://maven.apache.org/surefire/maven-surefire-plugin/xsd/surefire-test-report-3.0.xsd" version="3.0" name="com.food.docker_fo_eurekaserver.DockerFoEurekaserverApplicationTests" time="3.279" tests="1" errors="0" skipped="0" failures="0">
  <properties>
[...]
</properties>
  <testcase name="contextLoads" classname="com.food.docker_fo_eurekaserver.DockerFoEurekaserverApplicationTests" time="0.608">
    <system-out><![CDATA[Standard Commons Logging discovery in action with spring-jcl: please remove commons-logging.jar from classpath in order to avoid potential conflicts
18:15:56.070 [main] INFO org.springframework.test.context.support.AnnotationConfigContextLoaderUtils -- Could not detect default configuration classes for test class [com.food.docker_fo_eurekaserver.DockerFoEurekaserverApplicationTests]: DockerFoEurekaserverApplicationTests does not declare any static, non-private, non-final, nested classes annotated with @Configuration.
18:15:56.129 [main] INFO org.springframework.boot.test.context.SpringBootTestContextBootstrapper -- Found @SpringBootConfiguration com.food.docker_fo_eurekaserver.DockerFoEurekaserverApplication for test class com.food.docker_fo_eurekaserver.DockerFoEurekaserverApplicationTests

  .   ____          _            __ _ _
 /\\ / ___'_ __ _ _(_)_ __  __ _ \ \ \ \
( ( )\___ | '_ | '_| | '_ \/ _` | \ \ \ \
 \\/  ___)| |_)| | | | | || (_| |  ) ) ) )
  '  |____| .__|_| |_|_| |_\__, | / / / /
 =========|_|==============|___/=/_/_/_/
 :: Spring Boot ::      (v3.2.10-SNAPSHOT)

2024-08-24T18:15:56.463+05:30  INFO 65312 --- [docker-fo-eurekaserver] [           main] f.d.DockerFoEurekaserverApplicationTests : Starting DockerFoEurekaserverApplicationTests using Java 17.0.11 with PID 65312 (started by junaid in /home/junaid/Workspaces/Swigato2/docker-fo-eurekaserver)
2024-08-24T18:15:56.464+05:30  INFO 65312 --- [docker-fo-eurekaserver] [           main] f.d.DockerFoEurekaserverApplicationTests : No active profile set, falling back to 1 default profile: "default"
2024-08-24T18:15:57.176+05:30  INFO 65312 --- [docker-fo-eurekaserver] [           main] o.s.cloud.context.scope.GenericScope     : BeanFactory id=8884191b-7f07-37a5-8d55-affd8b9d2d9e
2024-08-24T18:15:57.230+05:30  WARN 65312 --- [docker-fo-eurekaserver] [           main] trationDelegate$BeanPostProcessorChecker : Bean 'org.springframework.cloud.client.loadbalancer.LoadBalancerAutoConfiguration$DeferringLoadBalancerInterceptorConfig' of type [org.springframework.cloud.client.loadbalancer.LoadBalancerAutoConfiguration$DeferringLoadBalancerInterceptorConfig] is not eligible for getting processed by all BeanPostProcessors (for example: not eligible for auto-proxying). The currently created BeanPostProcessor [lbRestClientPostProcessor] is declared through a non-static factory method on that class; consider declaring it as static instead.
2024-08-24T18:15:57.232+05:30  WARN 65312 --- [docker-fo-eurekaserver] [           main] trationDelegate$BeanPostProcessorChecker : Bean 'deferringLoadBalancerInterceptor' of type [org.springframework.cloud.client.loadbalancer.DeferringLoadBalancerInterceptor] is not eligible for getting processed by all BeanPostProcessors (for example: not eligible for auto-proxying). Is this bean getting eagerly injected into a currently created BeanPostProcessor [lbRestClientPostProcessor]? Check the corresponding BeanPostProcessor declaration and its dependencies.
2024-08-24T18:15:58.080+05:30  WARN 65312 --- [docker-fo-eurekaserver] [           main] iguration$LoadBalancerCaffeineWarnLogger : Spring Cloud LoadBalancer is currently working with the default cache. While this cache implementation is useful for development and tests, it's recommended to use Caffeine cache in production.You can switch to using Caffeine cache, by adding it and org.springframework.cache.caffeine.CaffeineCacheManager to the classpath.
2024-08-24T18:15:58.222+05:30  INFO 65312 --- [docker-fo-eurekaserver] [           main] o.s.c.n.eureka.InstanceInfoFactory       : Setting initial instance status as: STARTING
2024-08-24T18:15:58.235+05:30  INFO 65312 --- [docker-fo-eurekaserver] [           main] com.netflix.discovery.DiscoveryClient    : Initializing Eureka in region us-east-1
2024-08-24T18:15:58.236+05:30  INFO 65312 --- [docker-fo-eurekaserver] [           main] com.netflix.discovery.DiscoveryClient    : Client configured to neither register nor query for data.
2024-08-24T18:15:58.237+05:30  INFO 65312 --- [docker-fo-eurekaserver] [           main] com.netflix.discovery.DiscoveryClient    : Discovery Client initialized at timestamp 1724503558236 with initial instances count: 0
2024-08-24T18:15:58.265+05:30  INFO 65312 --- [docker-fo-eurekaserver] [           main] c.n.eureka.DefaultEurekaServerContext    : Initializing ...
2024-08-24T18:15:58.266+05:30  INFO 65312 --- [docker-fo-eurekaserver] [           main] c.n.eureka.cluster.PeerEurekaNodes       : Adding new peer nodes [http://localhost:8761/eureka/]
2024-08-24T18:15:58.365+05:30  INFO 65312 --- [docker-fo-eurekaserver] [           main] c.n.d.provider.DiscoveryJerseyProvider   : Using JSON encoding codec LegacyJacksonJson
2024-08-24T18:15:58.366+05:30  INFO 65312 --- [docker-fo-eurekaserver] [           main] c.n.d.provider.DiscoveryJerseyProvider   : Using JSON decoding codec LegacyJacksonJson
2024-08-24T18:15:58.366+05:30  INFO 65312 --- [docker-fo-eurekaserver] [           main] c.n.d.provider.DiscoveryJerseyProvider   : Using XML encoding codec XStreamXml
2024-08-24T18:15:58.366+05:30  INFO 65312 --- [docker-fo-eurekaserver] [           main] c.n.d.provider.DiscoveryJerseyProvider   : Using XML decoding codec XStreamXml
2024-08-24T18:15:58.408+05:30  INFO 65312 --- [docker-fo-eurekaserver] [           main] c.n.eureka.cluster.PeerEurekaNodes       : Replica node URL:  http://localhost:8761/eureka/
2024-08-24T18:15:58.413+05:30  INFO 65312 --- [docker-fo-eurekaserver] [           main] c.n.e.registry.AbstractInstanceRegistry  : Finished initializing remote region registries. All known remote regions: []
2024-08-24T18:15:58.413+05:30  INFO 65312 --- [docker-fo-eurekaserver] [           main] c.n.eureka.DefaultEurekaServerContext    : Initialized
2024-08-24T18:15:58.497+05:30  INFO 65312 --- [docker-fo-eurekaserver] [           main] o.s.b.a.e.web.EndpointLinksResolver      : Exposing 1 endpoint(s) beneath base path '/actuator'
2024-08-24T18:15:58.535+05:30  INFO 65312 --- [docker-fo-eurekaserver] [           main] o.s.c.n.e.s.EurekaServiceRegistry        : Registering application DOCKER-FO-EUREKASERVER with eureka with status UP
2024-08-24T18:15:58.542+05:30  INFO 65312 --- [docker-fo-eurekaserver] [      Thread-10] o.s.c.n.e.server.EurekaServerBootstrap   : isAws returned false
2024-08-24T18:15:58.543+05:30  INFO 65312 --- [docker-fo-eurekaserver] [      Thread-10] o.s.c.n.e.server.EurekaServerBootstrap   : Initialized server context
2024-08-24T18:15:58.543+05:30  INFO 65312 --- [docker-fo-eurekaserver] [      Thread-10] c.n.e.r.PeerAwareInstanceRegistryImpl    : Got 1 instances from neighboring DS node
2024-08-24T18:15:58.543+05:30  INFO 65312 --- [docker-fo-eurekaserver] [      Thread-10] c.n.e.r.PeerAwareInstanceRegistryImpl    : Renew threshold is: 1
2024-08-24T18:15:58.543+05:30  INFO 65312 --- [docker-fo-eurekaserver] [      Thread-10] c.n.e.r.PeerAwareInstanceRegistryImpl    : Changing status to UP
2024-08-24T18:15:58.546+05:30  INFO 65312 --- [docker-fo-eurekaserver] [      Thread-10] e.s.EurekaServerInitializerConfiguration : Started Eureka Server
2024-08-24T18:15:58.553+05:30  INFO 65312 --- [docker-fo-eurekaserver] [           main] f.d.DockerFoEurekaserverApplicationTests : Started DockerFoEurekaserverApplicationTests in 2.337 seconds (process running for 3.011)
]]></system-out>
  </testcase>
</testsuite>